<?xml version="1.0" encoding="UTF-8"?>
<testng-results ignored="0" total="1" passed="1" failed="0" skipped="0">
  <reporter-output>
  </reporter-output>
  <suite started-at="2023-02-08T10:12:23 ICT" name="TestCase1" finished-at="2023-02-08T10:12:30 ICT" duration-ms="6866">
    <groups>
    </groups>
    <test started-at="2023-02-08T10:12:23 ICT" name="Command line test" finished-at="2023-02-08T10:12:30 ICT" duration-ms="6866">
      <class name="TestCase1">
        <test-method is-config="true" signature="setUp()[pri:0, instance:TestCase1@6b419da]" started-at="2023-02-08T10:12:23 ICT" name="setUp" finished-at="2023-02-08T10:12:26 ICT" duration-ms="2555" status="PASS">
          <reporter-output>
          </reporter-output>
        </test-method> <!-- setUp -->
        <test-method is-config="true" signature="setUpClass()[pri:0, instance:TestCase1@6b419da]" started-at="2023-02-08T10:12:26 ICT" name="setUpClass" finished-at="2023-02-08T10:12:26 ICT" duration-ms="1" status="PASS">
          <reporter-output>
          </reporter-output>
        </test-method> <!-- setUpClass -->
        <test-method is-config="true" signature="setUpMethod()[pri:0, instance:TestCase1@6b419da]" started-at="2023-02-08T10:12:26 ICT" name="setUpMethod" finished-at="2023-02-08T10:12:26 ICT" duration-ms="1" status="PASS">
          <reporter-output>
          </reporter-output>
        </test-method> <!-- setUpMethod -->
        <test-method signature="firstTry()[pri:0, instance:TestCase1@6b419da]" started-at="2023-02-08T10:12:26 ICT" name="firstTry" finished-at="2023-02-08T10:12:30 ICT" duration-ms="4112" status="PASS">
          <reporter-output>
          </reporter-output>
        </test-method> <!-- firstTry -->
        <test-method is-config="true" signature="tearDownMethod()[pri:0, instance:TestCase1@6b419da]" started-at="2023-02-08T10:12:30 ICT" name="tearDownMethod" finished-at="2023-02-08T10:12:30 ICT" duration-ms="0" status="PASS">
          <reporter-output>
          </reporter-output>
        </test-method> <!-- tearDownMethod -->
        <test-method is-config="true" signature="tearDownClass()[pri:0, instance:TestCase1@6b419da]" started-at="2023-02-08T10:12:30 ICT" name="tearDownClass" finished-at="2023-02-08T10:12:30 ICT" duration-ms="0" status="PASS">
          <reporter-output>
          </reporter-output>
        </test-method> <!-- tearDownClass -->
        <test-method is-config="true" signature="tearDown()[pri:0, instance:TestCase1@6b419da]" started-at="2023-02-08T10:12:30 ICT" name="tearDown" finished-at="2023-02-08T10:12:30 ICT" duration-ms="160" status="PASS">
          <reporter-output>
          </reporter-output>
        </test-method> <!-- tearDown -->
      </class> <!-- TestCase1 -->
    </test> <!-- Command line test -->
  </suite> <!-- TestCase1 -->
</testng-results>
